*Diffs*
              |Kind | @all-hardware.log   @all-model.log
--------------------------------------------------------
--------------------------------------------------------
2+2W          |Allow| [[x]=1; [y]=1;]     ==            
              |No   | [[x]=1; [y]=2;]                   
              |     | [[x]=2; [y]=1;]                   
--------------------------------------------------------
2+2W+mfence+po|Allow| [[x]=1; [y]=1;]     ==            
              |No   | [[x]=1; [y]=2;]                   
              |     | [[x]=2; [y]=1;]                   
--------------------------------------------------------
2+2W+mfences  |Allow| [[x]=1; [y]=1;]     ==            
              |No   | [[x]=1; [y]=2;]                   
              |     | [[x]=2; [y]=1;]                   
--------------------------------------------------------
LB            |Allow| [0:rax=0; 1:rax=0;] ==            
              |No   | [0:rax=0; 1:rax=1;]               
              |     | [0:rax=1; 1:rax=0;]               
--------------------------------------------------------
LB+mfence+po  |Allow| [0:rax=0; 1:rax=0;] ==            
              |No   | [0:rax=0; 1:rax=1;]               
              |     | [0:rax=1; 1:rax=0;]               
--------------------------------------------------------
LB+mfences    |Allow| [0:rax=0; 1:rax=0;] ==            
              |No   | [0:rax=0; 1:rax=1;]               
              |     | [0:rax=1; 1:rax=0;]               
--------------------------------------------------------
MP            |Allow| [1:rax=0; 1:rbx=0;] ==            
              |No   | [1:rax=0; 1:rbx=1;]               
              |     | [1:rax=1; 1:rbx=1;]               
--------------------------------------------------------
MP+mfence+po  |Allow| [1:rax=0; 1:rbx=0;] ==            
              |No   | [1:rax=0; 1:rbx=1;]               
              |     | [1:rax=1; 1:rbx=1;]               
--------------------------------------------------------
MP+mfences    |Allow| [1:rax=0; 1:rbx=0;] ==            
              |No   | [1:rax=0; 1:rbx=1;]               
              |     | [1:rax=1; 1:rbx=1;]               
--------------------------------------------------------
MP+po+mfence  |Allow| [1:rax=0; 1:rbx=0;] ==            
              |No   | [1:rax=0; 1:rbx=1;]               
              |     | [1:rax=1; 1:rbx=1;]               
--------------------------------------------------------
R             |Allow| [1:rax=0; [y]=1;]   ==            
              |Ok   | [1:rax=0; [y]=2;]                 
              |     | [1:rax=1; [y]=1;]                 
              |     | [1:rax=1; [y]=2;]                 
--------------------------------------------------------
R+mfence+po   |Allow| [1:rax=0; [y]=1;]   ==            
              |Ok   | [1:rax=0; [y]=2;]                 
              |     | [1:rax=1; [y]=1;]                 
              |     | [1:rax=1; [y]=2;]                 
--------------------------------------------------------
R+mfences     |Allow| [1:rax=0; [y]=1;]   ==            
              |No   | [1:rax=1; [y]=1;]                 
              |     | [1:rax=1; [y]=2;]                 
--------------------------------------------------------
R+po+mfence   |Allow| [1:rax=0; [y]=1;]   ==            
              |No   | [1:rax=1; [y]=1;]                 
              |     | [1:rax=1; [y]=2;]                 
--------------------------------------------------------
S             |Allow| [1:rax=0; [x]=1;]   ==            
              |No   | [1:rax=0; [x]=2;]                 
              |     | [1:rax=1; [x]=1;]                 
--------------------------------------------------------
S+mfence+po   |Allow| [1:rax=0; [x]=1;]   ==            
              |No   | [1:rax=0; [x]=2;]                 
              |     | [1:rax=1; [x]=1;]                 
--------------------------------------------------------
S+mfences     |Allow| [1:rax=0; [x]=1;]   ==            
              |No   | [1:rax=0; [x]=2;]                 
              |     | [1:rax=1; [x]=1;]                 
--------------------------------------------------------
S+po+mfence   |Allow| [1:rax=0; [x]=1;]   ==            
              |No   | [1:rax=0; [x]=2;]                 
              |     | [1:rax=1; [x]=1;]                 
--------------------------------------------------------
SB            |Allow| [0:rax=0; 1:rax=0;] ==            
              |Ok   | [0:rax=0; 1:rax=1;]               
              |     | [0:rax=1; 1:rax=0;]               
              |     | [0:rax=1; 1:rax=1;]               
--------------------------------------------------------
SB+mfence+po  |Allow| [0:rax=0; 1:rax=0;] ==            
              |Ok   | [0:rax=0; 1:rax=1;]               
              |     | [0:rax=1; 1:rax=0;]               
              |     | [0:rax=1; 1:rax=1;]               
--------------------------------------------------------
SB+mfences    |Allow| [0:rax=0; 1:rax=1;] ==            
              |No   | [0:rax=1; 1:rax=0;]               
              |     | [0:rax=1; 1:rax=1;]               

